\BOOKMARK [-1][-]{part.1}{\376\377\000I\000\040\000E\000x\000c\000e\000p\000t\000i\000o\000n\000s}{}% 1
\BOOKMARK [0][-]{chapter.1}{\376\377\000T\000h\000e\000\040\000c\000u\000r\000r\000e\000n\000t\000\040\000s\000y\000s\000t\000e\000m}{part.1}% 2
\BOOKMARK [1][-]{section.1.1}{\376\377\000B\000u\000t\000\040\000w\000a\000i\000t\000,\000\040\000t\000h\000e\000r\000e\040\031\000s\000\040\000m\000o\000r\000e\000!}{chapter.1}% 3
\BOOKMARK [1][-]{section.1.2}{\376\377\000R\000e\000c\000a\000p\000:\000\040\000w\000h\000y\000\040\000i\000s\000\040\000i\000t\000\040\000s\000o\000\040\000e\000v\000i\000l\000?}{chapter.1}% 4
\BOOKMARK [0][-]{chapter.2}{\376\377\000E\000x\000c\000e\000p\000t\000i\000o\000n\000s\000\040\0002\000.\0000\000\040}{part.1}% 5
\BOOKMARK [1][-]{section.2.1}{\376\377\000H\000o\000w\000\040\000t\000o\000\040\000f\000i\000x\000\040\000i\000t\000?}{chapter.2}% 6
\BOOKMARK [1][-]{section.2.2}{\376\377\000P\000r\000o\000p\000o\000s\000e\000d\000\040\000s\000u\000b\000c\000l\000a\000s\000s\000e\000s}{chapter.2}% 7
\BOOKMARK [2][-]{subsection.2.2.1}{\376\377\000B\000u\000t\000\040\000w\000h\000e\000r\000e\000\040\000w\000i\000l\000l\000\040\000t\000h\000o\000s\000e\000\040\000s\000u\000b\000c\000l\000a\000s\000s\000e\000s\000\040\000b\000e\000?}{section.2.2}% 8
\BOOKMARK [0][-]{chapter.3}{\376\377\000E\000x\000c\000e\000p\000t\000i\000o\000n\000\040\000c\000l\000a\000s\000s\000e\000s\000\040\000i\000n\000\040\000d\000e\000p\000t\000h}{part.1}% 9
\BOOKMARK [1][-]{section.3.1}{\376\377\000P\000B\000E\000x\000c\000e\000p\000t\000i\000o\000n}{chapter.3}% 10
\BOOKMARK [1][-]{section.3.2}{\376\377\000A\000U\000R\000E\000r\000r\000o\000r}{chapter.3}% 11
\BOOKMARK [1][-]{section.3.3}{\376\377\000M\000a\000k\000e\000p\000k\000g\000E\000r\000r\000o\000r}{chapter.3}% 12
\BOOKMARK [1][-]{section.3.4}{\376\377\000N\000e\000t\000w\000o\000r\000k\000E\000r\000r\000o\000r}{chapter.3}% 13
\BOOKMARK [1][-]{section.3.5}{\376\377\000P\000a\000c\000k\000a\000g\000e\000E\000r\000r\000o\000r}{chapter.3}% 14
\BOOKMARK [2][-]{subsection.3.5.1}{\376\377\000P\000a\000c\000k\000a\000g\000e\000N\000o\000t\000F\000o\000u\000n\000d\000E\000r\000r\000o\000r}{section.3.5}% 15
\BOOKMARK [1][-]{section.3.6}{\376\377\000S\000a\000n\000i\000t\000y\000E\000r\000r\000o\000r}{chapter.3}% 16
\BOOKMARK [-1][-]{part.2}{\376\377\000I\000I\000\040\000I\000m\000p\000r\000o\000v\000e\000d\000\040\000o\000o\000p}{}% 17
\BOOKMARK [0][-]{chapter.4}{\376\377\000W\000h\000a\000t\000\040\000a\000n\000d\000\040\000w\000h\000y}{part.2}% 18
\BOOKMARK [0][-]{chapter.5}{\376\377\000T\000h\000e\000\040\000P\000a\000c\000k\000a\000g\000e\000\040\000c\000l\000a\000s\000s\000\040\000a\000n\000d\000\040\000i\000t\000s\000\040\000s\000u\000b\000c\000l\000a\000s\000s\000e\000s}{part.2}% 19
\BOOKMARK [1][-]{section.5.1}{\376\377\000P\000l\000a\000n\000n\000e\000d\000\040\000p\000r\000o\000p\000e\000r\000t\000i\000e\000s}{chapter.5}% 20
\BOOKMARK [2][-]{subsection.5.1.1}{\376\377\000P\000a\000c\000k\000a\000g\000e}{section.5.1}% 21
\BOOKMARK [2][-]{subsection.5.1.2}{\376\377\000A\000U\000R\000P\000a\000c\000k\000a\000g\000e}{section.5.1}% 22
\BOOKMARK [2][-]{subsection.5.1.3}{\376\377\000A\000B\000S\000P\000a\000c\000k\000a\000g\000e}{section.5.1}% 23
\BOOKMARK [0][-]{chapter.6}{\376\377\000D\000e\000m\000o\000l\000i\000t\000i\000o\000n\000\040\000o\000f\000\040\000u\000s\000e\000l\000e\000s\000s\000\040\000c\000l\000a\000s\000s\000e\000s}{part.2}% 24
\BOOKMARK [-1][-]{part.3}{\376\377\000I\000I\000I\000\040\000F\000o\000r\000c\000e\000\040\040\023\000s\000a\000f\000e\000u\000p\000g\000r\000a\000d\000e\000\040\000f\000o\000r\000\040\000p\000k\000g\000b\000u\000i\000l\000d\000e\000r}{}% 25
\BOOKMARK [0][-]{chapter.7}{\376\377\000R\000a\000t\000i\000o\000n\000a\000l\000e}{part.3}% 26
\BOOKMARK [1][-]{section.7.1}{\376\377\000H\000o\000w\000\040\000t\000o\000\040\000p\000u\000l\000l\000\040\000i\000t\000\040\000o\000f\000f\000?}{chapter.7}% 27
\BOOKMARK [-1][-]{part.4}{\376\377\000I\000V\000\040\000c\000o\000w\000e\000r\000\040\000-\000d\000\040\000i\000m\000p\000l\000e\000m\000e\000n\000t\000a\000t\000i\000o\000n}{}% 28
\BOOKMARK [0][-]{chapter.8}{\376\377\000W\000h\000a\000t\000\040\000d\000o\000e\000s\000\040\000i\000t\000\040\000d\000o\000?}{part.4}% 29
\BOOKMARK [1][-]{section.8.1}{\376\377\000I\000m\000p\000l\000e\000m\000e\000n\000t\000a\000t\000i\000o\000n}{chapter.8}% 30
\BOOKMARK [2][-]{subsection.8.1.1}{\376\377\000S\000a\000m\000p\000l\000e\000\040\000o\000u\000t\000p\000u\000t}{section.8.1}% 31
\BOOKMARK [-1][-]{part.5}{\376\377\000V\000\040\000O\000t\000h\000e\000r\000\040\000i\000m\000p\000r\000o\000v\000e\000m\000e\000n\000t\000s}{}% 32
\BOOKMARK [0][-]{chapter.9}{\376\377\000S\000m\000a\000l\000l\000\040\000f\000i\000x\000e\000s\000\040\000a\000n\000d\000\040\000i\000m\000p\000r\000o\000v\000e\000m\000e\000n\000t\000s}{part.5}% 33
\BOOKMARK [-1][-]{part.6}{\376\377\000V\000I\000\040\000S\000c\000h\000e\000d\000u\000l\000e}{}% 34
\BOOKMARK [0][-]{chapter.10}{\376\377\000T\000h\000e\000\040\000s\000c\000h\000e\000d\000u\000l\000e\000\040\000a\000t\000\040\000a\000\040\000g\000l\000a\000n\000c\000e}{part.6}% 35
\BOOKMARK [0][-]{chapter.11}{\376\377\000F\000u\000l\000l\000\040\000s\000c\000h\000e\000d\000u\000l\000e}{part.6}% 36
\BOOKMARK [1][-]{section.11.1}{\376\377\000D\000e\000m\000o\000l\000i\000t\000i\000o\000n\000\040\000o\000f\000\040\000u\000s\000e\000l\000e\000s\000s\000\040\000c\000l\000a\000s\000s\000e\000s}{chapter.11}% 37
\BOOKMARK [1][-]{section.11.2}{\376\377\000S\000m\000a\000l\000l\000\040\000f\000i\000x\000e\000s\000\040\000a\000n\000d\000\040\000i\000m\000p\000r\000o\000v\000e\000m\000e\000n\000t\000s}{chapter.11}% 38
\BOOKMARK [1][-]{section.11.3}{\376\377\000F\000o\000r\000c\000e\000\040\040\023\000s\000a\000f\000e\000u\000p\000g\000r\000a\000d\000e\000\040\000f\000o\000r\000\040\000p\000k\000g\000b\000u\000i\000l\000d\000e\000r}{chapter.11}% 39
\BOOKMARK [1][-]{section.11.4}{\376\377\000c\000o\000w\000e\000r\000\040\000-\000d\000\040\000i\000m\000p\000l\000e\000m\000e\000n\000t\000a\000t\000i\000o\000n}{chapter.11}% 40
\BOOKMARK [1][-]{section.11.5}{\376\377\000E\000x\000c\000e\000p\000t\000i\000o\000n\000s\000\040\0002\000.\0000}{chapter.11}% 41
\BOOKMARK [1][-]{section.11.6}{\376\377\000T\000h\000e\000\040\000P\000a\000c\000k\000a\000g\000e\000\040\000c\000l\000a\000s\000s\000\040\000a\000n\000d\000\040\000i\000t\000s\000\040\000s\000u\000b\000c\000l\000a\000s\000s\000e\000s}{chapter.11}% 42
